# JRE version: Java(TM) SE Runtime Environment (8.0_121-b13) (build 1.8.0_121-b13)
# Java VM: Java HotSpot(TM) 64-Bit Server VM (25.121-b13 mixed mode windows-amd64 compressed oops)
Heap:
 PSYoungGen      total 521216K, used 358793K [0x0000000715d80000, 0x0000000737580000, 0x00000007c0000000)
  eden space 493568K, 67% used [0x0000000715d80000,0x000000072a0e3e08,0x0000000733f80000)
  from space 27648K, 99% used [0x0000000733f80000,0x0000000735a7e740,0x0000000735a80000)
  to   space 23040K, 0% used [0x0000000735b80000,0x0000000735b80000,0x0000000737200000)
 ParOldGen       total 483840K, used 46315K [0x00000005c1800000, 0x00000005df080000, 0x0000000715d80000)
  object space 483840K, 9% used [0x00000005c1800000,0x00000005c453acf0,0x00000005df080000)
 Metaspace       used 88348K, capacity 91760K, committed 92032K, reserved 1130496K
  class space    used 10970K, capacity 11537K, committed 11648K, reserved 1048576K
GC Heap History (10 events):
Event: 30.396 GC heap before
{Heap before GC invocations=14 (full 3):
 PSYoungGen      total 343552K, used 343295K [0x0000000715d80000, 0x000000072e100000, 0x00000007c0000000)
  eden space 335360K, 100% used [0x0000000715d80000,0x000000072a500000,0x000000072a500000)
  from space 8192K, 96% used [0x000000072d900000,0x000000072e0bfe70,0x000000072e100000)
  to   space 15872K, 0% used [0x000000072c200000,0x000000072c200000,0x000000072d180000)
 ParOldGen       total 483840K, used 31520K [0x00000005c1800000, 0x00000005df080000, 0x0000000715d80000)
  object space 483840K, 6% used [0x00000005c1800000,0x00000005c36c80c0,0x00000005df080000)
 Metaspace       used 65211K, capacity 67318K, committed 67456K, reserved 1107968K
  class space    used 8340K, capacity 8759K, committed 8832K, reserved 1048576K
Event: 30.413 GC heap after
Heap after GC invocations=14 (full 3):
 PSYoungGen      total 380928K, used 15463K [0x0000000715d80000, 0x0000000731380000, 0x00000007c0000000)
  eden space 365056K, 0% used [0x0000000715d80000,0x0000000715d80000,0x000000072c200000)
  from space 15872K, 97% used [0x000000072c200000,0x000000072d119ce0,0x000000072d180000)
  to   space 17408K, 0% used [0x0000000730280000,0x0000000730280000,0x0000000731380000)
 ParOldGen       total 483840K, used 31528K [0x00000005c1800000, 0x00000005df080000, 0x0000000715d80000)
  object space 483840K, 6% used [0x00000005c1800000,0x00000005c36ca0c0,0x00000005df080000)
 Metaspace       used 65211K, capacity 67318K, committed 67456K, reserved 1107968K
  class space    used 8340K, capacity 8759K, committed 8832K, reserved 1048576K
}
Event: 32.925 GC heap before
{Heap before GC invocations=15 (full 3):
 PSYoungGen      total 380928K, used 380519K [0x0000000715d80000, 0x0000000731380000, 0x00000007c0000000)
  eden space 365056K, 100% used [0x0000000715d80000,0x000000072c200000,0x000000072c200000)
  from space 15872K, 97% used [0x000000072c200000,0x000000072d119ce0,0x000000072d180000)
  to   space 17408K, 0% used [0x0000000730280000,0x0000000730280000,0x0000000731380000)
 ParOldGen       total 483840K, used 31528K [0x00000005c1800000, 0x00000005df080000, 0x0000000715d80000)
  object space 483840K, 6% used [0x00000005c1800000,0x00000005c36ca0c0,0x00000005df080000)
 Metaspace       used 69490K, capacity 71636K, committed 71936K, reserved 1112064K
  class space    used 8745K, capacity 9196K, committed 9216K, reserved 1048576K
Event: 32.941 GC heap after
Heap after GC invocations=15 (full 3):
 PSYoungGen      total 429056K, used 17385K [0x0000000715d80000, 0x0000000733580000, 0x00000007c0000000)
  eden space 411648K, 0% used [0x0000000715d80000,0x0000000715d80000,0x000000072ef80000)
  from space 17408K, 99% used [0x0000000730280000,0x000000073137a4e0,0x0000000731380000)
  to   space 19456K, 0% used [0x000000072ef80000,0x000000072ef80000,0x0000000730280000)
 ParOldGen       total 483840K, used 31827K [0x00000005c1800000, 0x00000005df080000, 0x0000000715d80000)
  object space 483840K, 6% used [0x00000005c1800000,0x00000005c3714de0,0x00000005df080000)
 Metaspace       used 69490K, capacity 71636K, committed 71936K, reserved 1112064K
  class space    used 8745K, capacity 9196K, committed 9216K, reserved 1048576K
}
Event: 35.536 GC heap before
{Heap before GC invocations=16 (full 3):
 PSYoungGen      total 429056K, used 429033K [0x0000000715d80000, 0x0000000733580000, 0x00000007c0000000)
  eden space 411648K, 100% used [0x0000000715d80000,0x000000072ef80000,0x000000072ef80000)
  from space 17408K, 99% used [0x0000000730280000,0x000000073137a4e0,0x0000000731380000)
  to   space 19456K, 0% used [0x000000072ef80000,0x000000072ef80000,0x0000000730280000)
 ParOldGen       total 483840K, used 31827K [0x00000005c1800000, 0x00000005df080000, 0x0000000715d80000)
  object space 483840K, 6% used [0x00000005c1800000,0x00000005c3714de0,0x00000005df080000)
 Metaspace       used 74452K, capacity 77092K, committed 77184K, reserved 1116160K
  class space    used 9292K, capacity 9772K, committed 9856K, reserved 1048576K
Event: 35.558 GC heap after
Heap after GC invocations=16 (full 3):
 PSYoungGen      total 431104K, used 19429K [0x0000000715d80000, 0x0000000737200000, 0x00000007c0000000)
  eden space 411648K, 0% used [0x0000000715d80000,0x0000000715d80000,0x000000072ef80000)
  from space 19456K, 99% used [0x000000072ef80000,0x0000000730279428,0x0000000730280000)
  to   space 23040K, 0% used [0x0000000735b80000,0x0000000735b80000,0x0000000737200000)
 ParOldGen       total 483840K, used 36355K [0x00000005c1800000, 0x00000005df080000, 0x0000000715d80000)
  object space 483840K, 7% used [0x00000005c1800000,0x00000005c3b80d20,0x00000005df080000)
 Metaspace       used 74452K, capacity 77092K, committed 77184K, reserved 1116160K
  class space    used 9292K, capacity 9772K, committed 9856K, reserved 1048576K
}
Event: 39.360 GC heap before
{Heap before GC invocations=17 (full 3):
 PSYoungGen      total 431104K, used 431077K [0x0000000715d80000, 0x0000000737200000, 0x00000007c0000000)
  eden space 411648K, 100% used [0x0000000715d80000,0x000000072ef80000,0x000000072ef80000)
  from space 19456K, 99% used [0x000000072ef80000,0x0000000730279428,0x0000000730280000)
  to   space 23040K, 0% used [0x0000000735b80000,0x0000000735b80000,0x0000000737200000)
 ParOldGen       total 483840K, used 36355K [0x00000005c1800000, 0x00000005df080000, 0x0000000715d80000)
  object space 483840K, 7% used [0x00000005c1800000,0x00000005c3b80d20,0x00000005df080000)
 Metaspace       used 79306K, capacity 82166K, committed 82432K, reserved 1122304K
  class space    used 9866K, capacity 10383K, committed 10496K, reserved 1048576K
Event: 39.383 GC heap after
Heap after GC invocations=17 (full 3):
 PSYoungGen      total 516608K, used 23025K [0x0000000715d80000, 0x0000000737580000, 0x00000007c0000000)
  eden space 493568K, 0% used [0x0000000715d80000,0x0000000715d80000,0x0000000733f80000)
  from space 23040K, 99% used [0x0000000735b80000,0x00000007371fc730,0x0000000737200000)
  to   space 27648K, 0% used [0x0000000733f80000,0x0000000733f80000,0x0000000735a80000)
 ParOldGen       total 483840K, used 40503K [0x00000005c1800000, 0x00000005df080000, 0x0000000715d80000)
  object space 483840K, 8% used [0x00000005c1800000,0x00000005c3f8dde8,0x00000005df080000)
 Metaspace       used 79306K, capacity 82166K, committed 82432K, reserved 1122304K
  class space    used 9866K, capacity 10383K, committed 10496K, reserved 1048576K
}
Event: 44.433 GC heap before
{Heap before GC invocations=18 (full 3):
 PSYoungGen      total 516608K, used 516593K [0x0000000715d80000, 0x0000000737580000, 0x00000007c0000000)
  eden space 493568K, 100% used [0x0000000715d80000,0x0000000733f80000,0x0000000733f80000)
  from space 23040K, 99% used [0x0000000735b80000,0x00000007371fc730,0x0000000737200000)
  to   space 27648K, 0% used [0x0000000733f80000,0x0000000733f80000,0x0000000735a80000)
 ParOldGen       total 483840K, used 40503K [0x00000005c1800000, 0x00000005df080000, 0x0000000715d80000)
  object space 483840K, 8% used [0x00000005c1800000,0x00000005c3f8dde8,0x00000005df080000)
 Metaspace       used 84701K, capacity 88010K, committed 88192K, reserved 1126400K
  class space    used 10498K, capacity 11049K, committed 11136K, reserved 1048576K
Event: 44.473 GC heap after
Heap after GC invocations=18 (full 3):
 PSYoungGen      total 521216K, used 27641K [0x0000000715d80000, 0x0000000737580000, 0x00000007c0000000)
  eden space 493568K, 0% used [0x0000000715d80000,0x0000000715d80000,0x0000000733f80000)
  from space 27648K, 99% used [0x0000000733f80000,0x0000000735a7e740,0x0000000735a80000)
  to   space 23040K, 0% used [0x0000000735b80000,0x0000000735b80000,0x0000000737200000)
 ParOldGen       total 483840K, used 46315K [0x00000005c1800000, 0x00000005df080000, 0x0000000715d80000)
  object space 483840K, 9% used [0x00000005c1800000,0x00000005c453acf0,0x00000005df080000)
 Metaspace       used 84701K, capacity 88010K, committed 88192K, reserved 1126400K
  class space    used 10498K, capacity 11049K, committed 11136K, reserved 1048576K
}

